<?xml version="1.0" encoding="UTF-8"?>
<!-- Generated by org.testng.reporters.JUnitReportReporter -->
<testsuite hostname="DESKTOP-V3TVGAT" failures="0" tests="1" name="Test_class.Post_Ref_DataDriven" time="13.245" errors="0" timestamp="2023-06-29T20:24:50 IST" skipped="0">
  <testcase classname="Test_class.Post_Ref_DataDriven" name="extractor" time="13.245"/>
  <system-out/>
</testsuite> <!-- Test_class.Post_Ref_DataDriven -->
